<!DOCTYPE HTML><html><head><title>Behave Test Report</title><meta content="text/html;charset=utf-8" http-equiv="content-type" /><style type="text/css"><!--
@charset "utf-8"; .passed{}.failed{}.error{}.skipped{}.undefined{}.summary{}.failed_scenarios{}.footer{}body{font-size:0;color:white;margin:0;padding:0}.behave,td,th{font:normal 11px "Lucida Grande",Helvetica,sans-serif;background:white;color:black}.behave #behave-header,td #behave-header,th #behave-header{background:#65c400;color:white;height:8em}.behave #behave-header #expand-collapse p,td #behave-header #expand-collapse p,th #behave-header #expand-collapse p{float:right;margin:0 0 0 10px}.behave .scenario h3,td .scenario h3,th .scenario h3,.background h3{font-size:11px;padding:3px;margin:0;background:#65c400;color:white;font-weight:bold}.background h3{font-size:1.2em;background:#666}.behave h1,td h1,th h1{margin:0 10px 0 10px;padding:10px;font-family:"Lucida Grande",Helvetica,sans-serif;font-size:2em;position:absolute}.behave h4,td h4,th h4{margin-bottom:2px}.behave div.feature,td div.feature,th div.feature{padding:2px;margin:0 10px 5px 10px}.behave div.examples,td div.examples,th div.examples{padding:0 0 0 1em}.behave .stats,td .stats,th .stats{margin:2em}.behave .summary ul.features li,td .summary ul.features li,th .summary ul.features li{display:inline}.behave .step_name,td .step_name,th .step_name{float:left}.behave .step_file,td .step_file,th .step_file{text-align:right;color:#999}.behave .step_file a,td .step_file a,th .step_file a{color:#999}.behave .scenario_file,td .scenario_file,th .scenario_file{float:right;color:#999}.behave .step_duration{padding-left:1em}.behave .tag,td .tag,th .tag{font-weight:bold;color:#246ac1}.behave .backtrace,td .backtrace,th .backtrace{margin-top:0;margin-bottom:0;margin-left:1em;color:black}.behave a,td a,th a{color:#be5c00;margin-right:.5em}.behave a:hover,td a:hover,th a:hover{text-decoration:none}.behave a:visited,td a:visited,th a:visited{font-weight:normal}.behave a div.examples,td a div.examples,th a div.examples{margin:5px 0 5px 15px;color:black}.behave .outline table,td .outline table,th .outline table{margin:0 0 5px 10px}.behave table,td table,th table{border-collapse:collapse}.behave table td,td table td,th table td{padding:3px 3px 3px 5px}.behave table td.failed,.behave table td.passed,.behave table td.skipped,.behave table td.pending,.behave table td.undefined,td table td.failed,td table td.passed,td table td.skipped,td table td.pending{padding-left:18px;padding-right:10px}.behave table td.failed,td table td.failed,th table td.failed{border-left:5px solid #c20000;border-bottom:1px solid #c20000;background:#fffbd3;color:#c20000}.behave table td.passed,td table td.passed,th table td.passed{border-left:5px solid #65c400;border-bottom:1px solid #65c400;background:#dbffb4;color:#3d7700}.behave table td.skipped,td table td.skipped,th table td.skipped{border-left:5px solid aqua;border-bottom:1px solid aqua;background:#e0ffff;color:#011}.behave table td.pending,td table td.pending,th table td.pending{border-left:5px solid #faf834;border-bottom:1px solid #faf834;background:#fcfb98;color:#131313}.behave table td.undefined,td table td.undefined,th table td.undefined{border-left:5px solid #faf834;border-bottom:1px solid #faf834;background:#fcfb98;color:#131313}.behave table td.message,td table td.message,th table td.message{border-left:5px solid aqua;border-bottom:1px solid aqua;background:#e0ffff;color:#011}.behave ol,td ol,th ol{list-style:none;margin:0;padding:0}.behave ol li.step,td ol li.step,th ol li.step{padding:3px 3px 3px 18px;margin:5px 0 5px 5px}.behave ol li,td ol li,th ol li{margin:0 0 0 1em;padding:0 0 0 .2em}.behave ol li span.param,td ol li span.param,th ol li span.param{font-weight:bold}.behave ol li.failed,td ol li.failed,th ol li.failed{border-left:5px solid #c20000;border-bottom:1px solid #c20000;background:#fffbd3;color:#c20000}.behave ol li.passed,td ol li.passed,th ol li.passed{border-left:5px solid #65c400;border-bottom:1px solid #65c400;background:#dbffb4;color:#3d7700}.behave ol li.skipped,td ol li.skipped,th ol li.skipped{border-left:5px solid aqua;border-bottom:1px solid aqua;background:#e0ffff;color:#011}.behave ol li.pending,td ol li.pending,th ol li.pending{border-left:5px solid #faf834;border-bottom:1px solid #faf834;background:#fcfb98;color:#131313}.behave ol li.undefined,td ol li.undefined,th ol li.undefined{border-left:5px solid #faf834;border-bottom:1px solid #faf834;background:#fcfb98;color:#131313}.behave ol li.message,td ol li.message,th ol li.message{border-left:5px solid aqua;border-bottom:1px solid aqua;background:#e0ffff;color:#011;margin-left:10px}.behave #summary,td #summary,th #summary{margin:0;padding:5px 10px;text-align:right;top:0;right:0;float:right}.behave #summary p,td #summary p,th #summary p{margin:0 0 0 2px}.behave #summary #totals,td #summary #totals,th #summary #totals{font-size:1.2em}.behave .scenario h3.failed,td .scenario h3.failed,th .scenario h3.failed,.background h3.failed{background:#c20000}.behave #behave-header.failed,td #behave-header.failed,th #behave-header.failed{background:#c20000}.behave .scenario h3.undefined,td .scenario h3.undefined,th .scenario h3.undefined,.background h3.undefined{background:#faf834;color:black}.behave #behave-header.undefined,td #behave-header.undefined,th #behave-header.undefined{background:#faf834;color:black}#behave-header.failed a{color:white}pre{white-space:pre-wrap}
--></style><script type="text/javascript"><!--
function Collapsible_toggle(id){var elem=document.getElementById(id);elem.style.display=(elem.style.display=='none'?'block':'none');return false;};function Collapsible_expandAll(className){var elems=document.getElementsByClassName(className);for(var i=0;i<elems.length;i++){elems[i].style.display='block';}};function Collapsible_collapseAll(className){var elems=document.getElementsByClassName(className);for(var i=0;i<elems.length;i++){elems[i].style.display='none';}};function Collapsible_expandAllFailed(){var elems=document.getElementsByClassName('failed');for(var i=0;i<elems.length;i++){var elem=elems[i];if(elem.nodeName=='H3'){elem.parentElement.getElementsByTagName('ol')[0].style.display='block';}}}
--></script></head><body><div class="behave"><div id="behave-header" class="failed"><div id="label"><h1>Behave Test Report</h1></div><div id="summary"><p id="totals"><p id="feature_totals">Features: failed: 4</p><p id="scenario_totals">Scenarios: failed: 9, passed: 1</p><p id="step_totals">Steps: failed: 6, skipped: 24, passed: 10, untested: 4</p></p><p id="duration">Finished in 24.8 seconds</p><div id="expand-collapse"><a id="expander" href="#" onclick="Collapsible_expandAll('scenario_steps')">Expand All</a><span> | </span><a id="collapser" href="#" onclick="Collapsible_collapseAll('scenario_steps')">Collapse All</a><span> | </span><a id="failed_expander" href="#" onclick="Collapsible_expandAllFailed()">Expand All Failed</a></div></div></div><div class="feature"><h2><span class="val">Feature: Test the functionality of the Add to cart page</span></h2><span /></div><div class="scenario"><span class="scenario_file">features/add_to_cart.feature:4</span><span class="tag">@cart</span><h3 onclick="Collapsible_toggle('scenario_0')" class="failed"><span class="val">Scenario: Check that the cart is empty</span></h3><ol class="scenario_steps" id="scenario_0"><li class="step failed"><div class="step_name"><span class="keyword">Given </span><span class="step val">I am on the Cart page</span><small class="step_duration">(0.016s)</small></div><div class="step_file"><span>steps/add_to_cart_steps.py:4</span></div><span class="embed"><a onclick="Collapsible_toggle('embed_1')">Error Message</a><pre id="embed_1" style="display: none">Traceback (most recent call last):
  File "C:\Users\Claudia\PycharmProjects\bdd_selenium\venv\Lib\site-packages\behave\model.py", line 1329, in run
    match.run(runner.context)
  File "C:\Users\Claudia\PycharmProjects\bdd_selenium\venv\Lib\site-packages\behave\matchers.py", line 98, in run
    self.func(context, *args, **kwargs)
  File "steps\add_to_cart_steps.py", line 6, in step_impl
    context.cart_page.navigate_to_home_page()
    ^^^^^^^^^^^^^^^^^
  File "C:\Users\Claudia\PycharmProjects\bdd_selenium\venv\Lib\site-packages\behave\runner.py", line 321, in __getattr__
    raise AttributeError(msg)
AttributeError: 'Context' object has no attribute 'cart_page'
</pre>    </span></li></ol><span /></div><div class="scenario"><span class="scenario_file">features/add_to_cart.feature:9</span><span class="tag">@cart</span><h3 onclick="Collapsible_toggle('scenario_1')" class="failed"><span class="val">Scenario: Check that the "The product has been added to your cart" message is displayed when adding a product to cart</span></h3><ol class="scenario_steps" id="scenario_1"><li class="step passed"><div class="step_name"><span class="keyword">Given </span><span class="step val">I am on the watches Page</span><small class="step_duration">(3.848s)</small></div><div class="step_file"><span>steps/add_to_cart_steps.py:9</span></div><span class="embed" /></li><li class="step failed"><div class="step_name"><span class="keyword">When </span><span class="step val">I add to cart the "Luma Analog Watch"</span><small class="step_duration">(0.000s)</small></div><div class="step_file"><span>steps/add_to_cart_steps.py:14</span></div><span class="embed"><a onclick="Collapsible_toggle('embed_2')">Error Message</a><pre id="embed_2" style="display: none">Traceback (most recent call last):
  File "C:\Users\Claudia\PycharmProjects\bdd_selenium\venv\Lib\site-packages\behave\model.py", line 1329, in run
    match.run(runner.context)
  File "C:\Users\Claudia\PycharmProjects\bdd_selenium\venv\Lib\site-packages\behave\matchers.py", line 98, in run
    self.func(context, *args, **kwargs)
  File "steps\add_to_cart_steps.py", line 16, in step_impl
    context.watches_page.add_luma_analog_watch_to_cart()
    ^^^^^^^^^^^^^^^^^^^^^^^^^^^^^^^^^^^^^^^^^^^^^^^^^^
AttributeError: 'WatchesPage' object has no attribute 'add_luma_analog_watch_to_cart'. Did you mean: 'add_the_luma_analog_watch_to_cart'?
</pre>    </span></li></ol><span /></div><div class="scenario"><span class="scenario_file">features/add_to_cart.feature:16</span><span class="tag">@cart</span><h3 onclick="Collapsible_toggle('scenario_2')" class="failed"><span class="val">Scenario: Check that a product which was added to cart is actually in the cart</span></h3><ol class="scenario_steps" id="scenario_2"><li class="step passed"><div class="step_name"><span class="keyword">Given </span><span class="step val">I am on the watches Page</span><small class="step_duration">(1.191s)</small></div><div class="step_file"><span>steps/add_to_cart_steps.py:9</span></div><span class="embed" /></li><li class="step failed"><div class="step_name"><span class="keyword">When </span><span class="step val">I add to cart the "Luma Analog Watch"</span><small class="step_duration">(0.000s)</small></div><div class="step_file"><span>steps/add_to_cart_steps.py:14</span></div><span class="embed"><a onclick="Collapsible_toggle('embed_3')">Error Message</a><pre id="embed_3" style="display: none">Traceback (most recent call last):
  File "C:\Users\Claudia\PycharmProjects\bdd_selenium\venv\Lib\site-packages\behave\model.py", line 1329, in run
    match.run(runner.context)
  File "C:\Users\Claudia\PycharmProjects\bdd_selenium\venv\Lib\site-packages\behave\matchers.py", line 98, in run
    self.func(context, *args, **kwargs)
  File "steps\add_to_cart_steps.py", line 16, in step_impl
    context.watches_page.add_luma_analog_watch_to_cart()
    ^^^^^^^^^^^^^^^^^^^^^^^^^^^^^^^^^^^^^^^^^^^^^^^^^^
AttributeError: 'WatchesPage' object has no attribute 'add_luma_analog_watch_to_cart'. Did you mean: 'add_the_luma_analog_watch_to_cart'?
</pre>    </span></li></ol><span /></div><div class="feature"><h2><span class="val">Feature: Test the functionality of the Login Page</span></h2><span /></div><div class="background"><h3><span class="val">Background: </span></h3><ol /><span /></div><div class="scenario"><span class="scenario_file">features/login.feature:8</span><span class="tag">@login</span><h3 onclick="Collapsible_toggle('scenario_3')" class="failed"><span class="val">Scenario: Check that "The account signin was incorrect." message is displayed when the user tries to log in with an unregistered email</span></h3><ol class="scenario_steps" id="scenario_3"><li class="step passed"><div class="step_name"><span class="keyword">Given </span><span class="step val">I am on the Login Page</span><small class="step_duration">(1.382s)</small></div><div class="step_file"><span>steps/login_steps.py:5</span></div><span class="embed" /></li><li class="step passed"><div class="step_name"><span class="keyword">When </span><span class="step val">I insert an unregistered email in the email input</span><small class="step_duration">(0.114s)</small></div><div class="step_file"><span>steps/login_steps.py:10</span></div><span class="embed" /></li><li class="step passed"><div class="step_name"><span class="keyword">When </span><span class="step val">I insert a password in the password input</span><small class="step_duration">(0.085s)</small></div><div class="step_file"><span>steps/login_steps.py:20</span></div><span class="embed" /></li><li class="step failed"><div class="step_name"><span class="keyword">When </span><span class="step val">I click on the signin button</span><small class="step_duration">(0.004s)</small></div><div class="step_file"><span>steps/login_steps.py:30</span></div><span class="embed"><a onclick="Collapsible_toggle('embed_4')">Error Message</a><pre id="embed_4" style="display: none">Traceback (most recent call last):
  File "C:\Users\Claudia\PycharmProjects\bdd_selenium\venv\Lib\site-packages\behave\model.py", line 1329, in run
    match.run(runner.context)
  File "C:\Users\Claudia\PycharmProjects\bdd_selenium\venv\Lib\site-packages\behave\matchers.py", line 98, in run
    self.func(context, *args, **kwargs)
  File "steps\login_steps.py", line 32, in step_impl
    context.login_page.click_signin_button()
    ^^^^^^^^^^^^^^^^^^^^^^^^^^^^^^^^^^^^^^
AttributeError: 'LoginPage' object has no attribute 'click_signin_button'. Did you mean: 'click_login_button'?
</pre>    </span></li></ol><span /></div><div class="scenario"><span class="scenario_file">features/login.feature:17</span><span class="tag">@login</span><h3 onclick="Collapsible_toggle('scenario_4')" class="failed"><span class="val">Scenario: Check that error message is displayed when the user enters an email address with an invalid format</span></h3><ol class="scenario_steps" id="scenario_4"><li class="step passed"><div class="step_name"><span class="keyword">Given </span><span class="step val">I am on the Login Page</span><small class="step_duration">(1.060s)</small></div><div class="step_file"><span>steps/login_steps.py:5</span></div><span class="embed" /></li><li class="step passed"><div class="step_name"><span class="keyword">When </span><span class="step val"><span>I insert "</span><b>emailinvalid</b><span>" in the email input</span></span><small class="step_duration">(0.121s)</small></div><div class="step_file"><span>steps/login_steps.py:15</span></div><span class="embed" /></li><li class="step passed"><div class="step_name"><span class="keyword">When </span><span class="step val"><span>I insert "</span><b>parolainvalida</b><span>" in the password input</span></span><small class="step_duration">(0.140s)</small></div><div class="step_file"><span>steps/login_steps.py:25</span></div><span class="embed" /></li><li class="step failed"><div class="step_name"><span class="keyword">When </span><span class="step val">I click on the signin button</span><small class="step_duration">(0.000s)</small></div><div class="step_file"><span>steps/login_steps.py:30</span></div><span class="embed"><a onclick="Collapsible_toggle('embed_5')">Error Message</a><pre id="embed_5" style="display: none">Traceback (most recent call last):
  File "C:\Users\Claudia\PycharmProjects\bdd_selenium\venv\Lib\site-packages\behave\model.py", line 1329, in run
    match.run(runner.context)
  File "C:\Users\Claudia\PycharmProjects\bdd_selenium\venv\Lib\site-packages\behave\matchers.py", line 98, in run
    self.func(context, *args, **kwargs)
  File "steps\login_steps.py", line 32, in step_impl
    context.login_page.click_signin_button()
    ^^^^^^^^^^^^^^^^^^^^^^^^^^^^^^^^^^^^^^
AttributeError: 'LoginPage' object has no attribute 'click_signin_button'. Did you mean: 'click_login_button'?
</pre>    </span></li></ol><span /></div><div class="scenario"><span class="scenario_file">features/login.feature:25</span><span class="tag">@login</span><h3 onclick="Collapsible_toggle('scenario_5')"><span class="val">Scenario: Check that the URL is correct</span></h3><ol class="scenario_steps" id="scenario_5"><li class="step passed"><div class="step_name"><span class="keyword">Given </span><span class="step val">I am on the Login Page</span><small class="step_duration">(1.278s)</small></div><div class="step_file"><span>steps/login_steps.py:5</span></div><span class="embed" /></li><li class="step passed"><div class="step_name"><span class="keyword">Then </span><span class="step val"><span>The actual URL is "</span><b>https://magento.softwaretestingboard.com/customer/account/login</b><span>"</span></span><small class="step_duration">(0.014s)</small></div><div class="step_file"><span>steps/login_steps.py:60</span></div><span class="embed" /></li></ol><span /></div><div class="feature"><h2><span class="val">Feature: Test the functionality of the Create New Customer Account Page</span></h2><span /></div><div class="background"><h3><span class="val">Background: </span></h3><ol /><span /></div><div class="scenario"><span class="scenario_file">features/register.feature:7</span><span class="tag">@register</span><h3 onclick="Collapsible_toggle('scenario_6')" class="failed"><span class="val">Scenario: Check that trying to register without completing any field displays error fields</span></h3><ol class="scenario_steps" id="scenario_6"><li class="step failed"><div class="step_name"><span class="keyword">Given </span><span class="step val">I am on the Create New Customer Account Page</span><small class="step_duration">(0.004s)</small></div><div class="step_file"><span>steps/register_steps.py:4</span></div><span class="embed"><a onclick="Collapsible_toggle('embed_6')">Error Message</a><pre id="embed_6" style="display: none">Traceback (most recent call last):
  File "C:\Users\Claudia\PycharmProjects\bdd_selenium\venv\Lib\site-packages\behave\model.py", line 1329, in run
    match.run(runner.context)
  File "C:\Users\Claudia\PycharmProjects\bdd_selenium\venv\Lib\site-packages\behave\matchers.py", line 98, in run
    self.func(context, *args, **kwargs)
  File "steps\register_steps.py", line 6, in step_impl
    context.create_new_customer_account_page.navigate_to_create_new_customer_account_page()
    ^^^^^^^^^^^^^^^^^^^^^^^^^^^^^^^^^^^^^^^^
  File "C:\Users\Claudia\PycharmProjects\bdd_selenium\venv\Lib\site-packages\behave\runner.py", line 321, in __getattr__
    raise AttributeError(msg)
AttributeError: 'Context' object has no attribute 'create_new_customer_account_page'
</pre>    </span></li></ol><span /></div><div class="scenario"><span class="scenario_file">features/register.feature:16</span><span class="tag">@register</span><h3 onclick="Collapsible_toggle('scenario_7')" class="failed"><span class="val">Scenario: Check that the registration is successful when completing all the necessary fields</span></h3><ol class="scenario_steps" id="scenario_7"><li class="step failed"><div class="step_name"><span class="keyword">Given </span><span class="step val">I am on the Create New Customer Account Page</span><small class="step_duration">(0.000s)</small></div><div class="step_file"><span>steps/register_steps.py:4</span></div><span class="embed"><a onclick="Collapsible_toggle('embed_7')">Error Message</a><pre id="embed_7" style="display: none">Traceback (most recent call last):
  File "C:\Users\Claudia\PycharmProjects\bdd_selenium\venv\Lib\site-packages\behave\model.py", line 1329, in run
    match.run(runner.context)
  File "C:\Users\Claudia\PycharmProjects\bdd_selenium\venv\Lib\site-packages\behave\matchers.py", line 98, in run
    self.func(context, *args, **kwargs)
  File "steps\register_steps.py", line 6, in step_impl
    context.create_new_customer_account_page.navigate_to_create_new_customer_account_page()
    ^^^^^^^^^^^^^^^^^^^^^^^^^^^^^^^^^^^^^^^^
  File "C:\Users\Claudia\PycharmProjects\bdd_selenium\venv\Lib\site-packages\behave\runner.py", line 321, in __getattr__
    raise AttributeError(msg)
AttributeError: 'Context' object has no attribute 'create_new_customer_account_page'
</pre>    </span></li></ol><span /></div><div class="feature"><h2><span class="val">Feature: Test the functionality of the Search input</span></h2><span /></div><div class="background"><h3><span class="val">Background: </span></h3><ol /><span /></div><div class="scenario"><span class="scenario_file">features/search_results.feature:7</span><span class="tag">@search_results</span><h3 onclick="Collapsible_toggle('scenario_8')" class="failed"><span class="val">Scenario: Check that the user can use the search functionality - without examples table</span></h3><ol class="scenario_steps" id="scenario_8"><li class="step passed"><div class="step_name"><span class="keyword">Given </span><span class="step val">I am on the Home Page</span><small class="step_duration">(1.344s)</small></div><div class="step_file"><span>steps/search_results_steps.py:4</span></div><span class="embed" /></li><li class="step passed"><div class="step_name"><span class="keyword">When </span><span class="step val"><span>I type "</span><b>bra</b><span>" in the search input</span></span><small class="step_duration">(0.091s)</small></div><div class="step_file"><span>steps/search_results_steps.py:9</span></div><span class="embed" /></li><li class="step passed"><div class="step_name"><span class="keyword">When </span><span class="step val">I click the search button</span><small class="step_duration">(1.899s)</small></div><div class="step_file"><span>steps/search_results_steps.py:14</span></div><span class="embed" /></li><li class="step passed"><div class="step_name"><span class="keyword">Then </span><span class="step val">Search results are displayed</span><small class="step_duration">(0.176s)</small></div><div class="step_file"><span>steps/search_results_steps.py:19</span></div><span class="embed" /></li><li class="step failed"><div class="step_name"><span class="keyword">Then </span><span class="step val"><span>All the search results contain the word "</span><b>bra</b><span>"</span></span><small class="step_duration">(0.119s)</small></div><div class="step_file"><span>steps/search_results_steps.py:24</span></div><span class="embed"><a onclick="Collapsible_toggle('embed_8')">Error Message</a><pre id="embed_8" style="display: none">Traceback (most recent call last):
  File "C:\Users\Claudia\PycharmProjects\bdd_selenium\venv\Lib\site-packages\behave\model.py", line 1329, in run
    match.run(runner.context)
  File "C:\Users\Claudia\PycharmProjects\bdd_selenium\venv\Lib\site-packages\behave\matchers.py", line 98, in run
    self.func(context, *args, **kwargs)
  File "steps\search_results_steps.py", line 26, in step_impl
    assert context.search_results_page.are_all_titles_containing_text(text)
AssertionError
</pre>    </span></li></ol><span /></div><div class="scenario"><span class="scenario_file">features/search_results.feature:21</span><span class="tag">@search_results</span><h3 onclick="Collapsible_toggle('scenario_9')" class="failed"><span class="val">Scenario Outline: Check that the user can use the search functionality - with examples table -- @1.1 </span></h3><ol class="scenario_steps" id="scenario_9"><li class="step passed"><div class="step_name"><span class="keyword">Given </span><span class="step val">I am on the Home Page</span><small class="step_duration">(1.044s)</small></div><div class="step_file"><span>steps/search_results_steps.py:4</span></div><span class="embed" /></li><li class="step passed"><div class="step_name"><span class="keyword">When </span><span class="step val"><span>I type "</span><b>pants</b><span>" in the search input</span></span><small class="step_duration">(0.113s)</small></div><div class="step_file"><span>steps/search_results_steps.py:9</span></div><span class="embed" /></li><li class="step passed"><div class="step_name"><span class="keyword">When </span><span class="step val">I click the search button</span><small class="step_duration">(1.499s)</small></div><div class="step_file"><span>steps/search_results_steps.py:14</span></div><span class="embed" /></li><li class="step passed"><div class="step_name"><span class="keyword">Then </span><span class="step val">Search results are displayed</span><small class="step_duration">(0.174s)</small></div><div class="step_file"><span>steps/search_results_steps.py:19</span></div><span class="embed" /></li><li class="step failed"><div class="step_name"><span class="keyword">Then </span><span class="step val"><span>All the search results contain the word "</span><b>pants</b><span>"</span></span><small class="step_duration">(0.032s)</small></div><div class="step_file"><span>steps/search_results_steps.py:24</span></div><span class="embed"><a onclick="Collapsible_toggle('embed_9')">Error Message</a><pre id="embed_9" style="display: none">Traceback (most recent call last):
  File "C:\Users\Claudia\PycharmProjects\bdd_selenium\venv\Lib\site-packages\behave\model.py", line 1329, in run
    match.run(runner.context)
  File "C:\Users\Claudia\PycharmProjects\bdd_selenium\venv\Lib\site-packages\behave\matchers.py", line 98, in run
    self.func(context, *args, **kwargs)
  File "steps\search_results_steps.py", line 26, in step_impl
    assert context.search_results_page.are_all_titles_containing_text(text)
AssertionError
</pre>    </span></li></ol><span /></div><div class="scenario"><span class="scenario_file">features/search_results.feature:22</span><span class="tag">@search_results</span><h3 onclick="Collapsible_toggle('scenario_10')" class="failed"><span class="val">Scenario Outline: Check that the user can use the search functionality - with examples table -- @1.2 </span></h3><ol class="scenario_steps" id="scenario_10"><li class="step passed"><div class="step_name"><span class="keyword">Given </span><span class="step val">I am on the Home Page</span><small class="step_duration">(0.780s)</small></div><div class="step_file"><span>steps/search_results_steps.py:4</span></div><span class="embed" /></li><li class="step passed"><div class="step_name"><span class="keyword">When </span><span class="step val"><span>I type "</span><b>bra</b><span>" in the search input</span></span><small class="step_duration">(0.104s)</small></div><div class="step_file"><span>steps/search_results_steps.py:9</span></div><span class="embed" /></li><li class="step passed"><div class="step_name"><span class="keyword">When </span><span class="step val">I click the search button</span><small class="step_duration">(1.874s)</small></div><div class="step_file"><span>steps/search_results_steps.py:14</span></div><span class="embed" /></li><li class="step passed"><div class="step_name"><span class="keyword">Then </span><span class="step val">Search results are displayed</span><small class="step_duration">(0.155s)</small></div><div class="step_file"><span>steps/search_results_steps.py:19</span></div><span class="embed" /></li><li class="step failed"><div class="step_name"><span class="keyword">Then </span><span class="step val"><span>All the search results contain the word "</span><b>bra</b><span>"</span></span><small class="step_duration">(0.101s)</small></div><div class="step_file"><span>steps/search_results_steps.py:24</span></div><span class="embed"><a onclick="Collapsible_toggle('embed_10')">Error Message</a><pre id="embed_10" style="display: none">Traceback (most recent call last):
  File "C:\Users\Claudia\PycharmProjects\bdd_selenium\venv\Lib\site-packages\behave\model.py", line 1329, in run
    match.run(runner.context)
  File "C:\Users\Claudia\PycharmProjects\bdd_selenium\venv\Lib\site-packages\behave\matchers.py", line 98, in run
    self.func(context, *args, **kwargs)
  File "steps\search_results_steps.py", line 26, in step_impl
    assert context.search_results_page.are_all_titles_containing_text(text)
AssertionError
</pre>    </span></li></ol><span /></div><div class="scenario"><span class="scenario_file">features/search_results.feature:23</span><span class="tag">@search_results</span><h3 onclick="Collapsible_toggle('scenario_11')" class="failed"><span class="val">Scenario Outline: Check that the user can use the search functionality - with examples table -- @1.3 </span></h3><ol class="scenario_steps" id="scenario_11"><li class="step passed"><div class="step_name"><span class="keyword">Given </span><span class="step val">I am on the Home Page</span><small class="step_duration">(1.037s)</small></div><div class="step_file"><span>steps/search_results_steps.py:4</span></div><span class="embed" /></li><li class="step passed"><div class="step_name"><span class="keyword">When </span><span class="step val"><span>I type "</span><b>shirt</b><span>" in the search input</span></span><small class="step_duration">(0.123s)</small></div><div class="step_file"><span>steps/search_results_steps.py:9</span></div><span class="embed" /></li><li class="step passed"><div class="step_name"><span class="keyword">When </span><span class="step val">I click the search button</span><small class="step_duration">(1.629s)</small></div><div class="step_file"><span>steps/search_results_steps.py:14</span></div><span class="embed" /></li><li class="step passed"><div class="step_name"><span class="keyword">Then </span><span class="step val">Search results are displayed</span><small class="step_duration">(0.094s)</small></div><div class="step_file"><span>steps/search_results_steps.py:19</span></div><span class="embed" /></li><li class="step failed"><div class="step_name"><span class="keyword">Then </span><span class="step val"><span>All the search results contain the word "</span><b>shirt</b><span>"</span></span><small class="step_duration">(0.033s)</small></div><div class="step_file"><span>steps/search_results_steps.py:24</span></div><span class="embed"><a onclick="Collapsible_toggle('embed_11')">Error Message</a><pre id="embed_11" style="display: none">Traceback (most recent call last):
  File "C:\Users\Claudia\PycharmProjects\bdd_selenium\venv\Lib\site-packages\behave\model.py", line 1329, in run
    match.run(runner.context)
  File "C:\Users\Claudia\PycharmProjects\bdd_selenium\venv\Lib\site-packages\behave\matchers.py", line 98, in run
    self.func(context, *args, **kwargs)
  File "steps\search_results_steps.py", line 26, in step_impl
    assert context.search_results_page.are_all_titles_containing_text(text)
AssertionError
</pre>    </span></li></ol><span /></div><div class="scenario"><span class="scenario_file">features/search_results.feature:24</span><span class="tag">@search_results</span><h3 onclick="Collapsible_toggle('scenario_12')"><span class="val">Scenario Outline: Check that the user can use the search functionality - with examples table -- @1.4 </span></h3><ol class="scenario_steps" id="scenario_12"><li class="step passed"><div class="step_name"><span class="keyword">Given </span><span class="step val">I am on the Home Page</span><small class="step_duration">(0.955s)</small></div><div class="step_file"><span>steps/search_results_steps.py:4</span></div><span class="embed" /></li><li class="step passed"><div class="step_name"><span class="keyword">When </span><span class="step val"><span>I type "</span><b>jacket</b><span>" in the search input</span></span><small class="step_duration">(0.104s)</small></div><div class="step_file"><span>steps/search_results_steps.py:9</span></div><span class="embed" /></li><li class="step passed"><div class="step_name"><span class="keyword">When </span><span class="step val">I click the search button</span><small class="step_duration">(1.623s)</small></div><div class="step_file"><span>steps/search_results_steps.py:14</span></div><span class="embed" /></li><li class="step passed"><div class="step_name"><span class="keyword">Then </span><span class="step val">Search results are displayed</span><small class="step_duration">(0.201s)</small></div><div class="step_file"><span>steps/search_results_steps.py:19</span></div><span class="embed" /></li><li class="step passed"><div class="step_name"><span class="keyword">Then </span><span class="step val"><span>All the search results contain the word "</span><b>jacket</b><span>"</span></span><small class="step_duration">(0.202s)</small></div><div class="step_file"><span>steps/search_results_steps.py:24</span></div><span class="embed" /></li></ol><span /></div></div></body></html>